<?xml version="1.0" encoding="UTF-8"?>
<!-- Generated by org.testng.reporters.JUnitXMLReporter -->
<testsuite ignored="0" hostname="vivobook-asuslaptop-x512flc-x512fl" failures="0" tests="6" name="Default test" time="113.878" errors="0" timestamp="2024-02-13T11:11:41 IST">
  <testcase classname="com.test.apollo3_Sanity.Testing" name="login" time="9.897"/>
  <testcase classname="com.test.apollo3_Sanity.Testing" name="series_set" time="14.009"/>
  <testcase classname="com.test.apollo3_Sanity.Testing" name="HD" time="21.119"/>
  <testcase classname="com.test.apollo3_Sanity.Testing" name="Atlas_Editor" time="15.628"/>
  <testcase classname="com.test.apollo3_Sanity.Testing" name="Cell_annotation" time="30.08"/>
  <testcase classname="com.test.apollo3_Sanity.Testing" name="Manual_Registration" time="22.232"/>
</testsuite> <!-- Default test -->
